<?xml version="1.0" encoding="UTF-8"?>
<testsuite xmlns:xsi="http://www.w3.org/2001/XMLSchema-instance" xsi:noNamespaceSchemaLocation="https://maven.apache.org/surefire/maven-surefire-plugin/xsd/surefire-test-report.xsd" name="testapi.CreateTest" time="4.145" tests="5" errors="0" skipped="0" failures="2">
  <properties>
    <property name="java.specification.version" value="17"/>
    <property name="sun.cpu.isalist" value="amd64"/>
    <property name="sun.jnu.encoding" value="Cp1252"/>
    <property name="java.class.path" value="D:\Kuliah\Semester 6\PPL\Praktikum\Pertemuan 11\user-controller-api-automation-testing\target\test-classes;D:\Kuliah\Semester 6\PPL\Praktikum\Pertemuan 11\user-controller-api-automation-testing\target\classes;C:\Users\ameli\.m2\repository\org\junit\jupiter\junit-jupiter-api\5.8.2\junit-jupiter-api-5.8.2.jar;C:\Users\ameli\.m2\repository\org\opentest4j\opentest4j\1.2.0\opentest4j-1.2.0.jar;C:\Users\ameli\.m2\repository\org\junit\platform\junit-platform-commons\1.8.2\junit-platform-commons-1.8.2.jar;C:\Users\ameli\.m2\repository\org\apiguardian\apiguardian-api\1.1.2\apiguardian-api-1.1.2.jar;C:\Users\ameli\.m2\repository\org\junit\jupiter\junit-jupiter-engine\5.8.2\junit-jupiter-engine-5.8.2.jar;C:\Users\ameli\.m2\repository\org\junit\platform\junit-platform-engine\1.8.2\junit-platform-engine-1.8.2.jar;C:\Users\ameli\.m2\repository\io\rest-assured\rest-assured\5.4.0\rest-assured-5.4.0.jar;C:\Users\ameli\.m2\repository\org\apache\groovy\groovy\4.0.16\groovy-4.0.16.jar;C:\Users\ameli\.m2\repository\org\apache\groovy\groovy-xml\4.0.16\groovy-xml-4.0.16.jar;C:\Users\ameli\.m2\repository\org\apache\httpcomponents\httpclient\4.5.13\httpclient-4.5.13.jar;C:\Users\ameli\.m2\repository\org\apache\httpcomponents\httpcore\4.4.13\httpcore-4.4.13.jar;C:\Users\ameli\.m2\repository\commons-logging\commons-logging\1.2\commons-logging-1.2.jar;C:\Users\ameli\.m2\repository\commons-codec\commons-codec\1.11\commons-codec-1.11.jar;C:\Users\ameli\.m2\repository\org\apache\httpcomponents\httpmime\4.5.13\httpmime-4.5.13.jar;C:\Users\ameli\.m2\repository\org\hamcrest\hamcrest\2.2\hamcrest-2.2.jar;C:\Users\ameli\.m2\repository\org\ccil\cowan\tagsoup\tagsoup\1.2.1\tagsoup-1.2.1.jar;C:\Users\ameli\.m2\repository\io\rest-assured\xml-path\5.4.0\xml-path-5.4.0.jar;C:\Users\ameli\.m2\repository\org\apache\commons\commons-lang3\3.11\commons-lang3-3.11.jar;C:\Users\ameli\.m2\repository\io\rest-assured\json-path\5.4.0\json-path-5.4.0.jar;C:\Users\ameli\.m2\repository\org\apache\groovy\groovy-json\4.0.16\groovy-json-4.0.16.jar;C:\Users\ameli\.m2\repository\io\rest-assured\rest-assured-common\5.4.0\rest-assured-common-5.4.0.jar;C:\Users\ameli\.m2\repository\io\rest-assured\json-schema-validator\5.4.0\json-schema-validator-5.4.0.jar;C:\Users\ameli\.m2\repository\com\github\java-json-tools\json-schema-validator\2.2.14\json-schema-validator-2.2.14.jar;C:\Users\ameli\.m2\repository\com\github\java-json-tools\jackson-coreutils-equivalence\1.0\jackson-coreutils-equivalence-1.0.jar;C:\Users\ameli\.m2\repository\com\fasterxml\jackson\core\jackson-databind\2.11.0\jackson-databind-2.11.0.jar;C:\Users\ameli\.m2\repository\com\fasterxml\jackson\core\jackson-annotations\2.11.0\jackson-annotations-2.11.0.jar;C:\Users\ameli\.m2\repository\com\fasterxml\jackson\core\jackson-core\2.11.0\jackson-core-2.11.0.jar;C:\Users\ameli\.m2\repository\com\github\java-json-tools\jackson-coreutils\2.0\jackson-coreutils-2.0.jar;C:\Users\ameli\.m2\repository\com\github\java-json-tools\msg-simple\1.2\msg-simple-1.2.jar;C:\Users\ameli\.m2\repository\com\github\java-json-tools\btf\1.3\btf-1.3.jar;C:\Users\ameli\.m2\repository\com\github\java-json-tools\json-schema-core\1.2.14\json-schema-core-1.2.14.jar;C:\Users\ameli\.m2\repository\com\github\java-json-tools\uri-template\0.10\uri-template-0.10.jar;C:\Users\ameli\.m2\repository\org\mozilla\rhino\1.7.7.2\rhino-1.7.7.2.jar;C:\Users\ameli\.m2\repository\com\sun\mail\mailapi\1.6.2\mailapi-1.6.2.jar;C:\Users\ameli\.m2\repository\joda-time\joda-time\2.10.5\joda-time-2.10.5.jar;C:\Users\ameli\.m2\repository\com\googlecode\libphonenumber\libphonenumber\8.11.1\libphonenumber-8.11.1.jar;C:\Users\ameli\.m2\repository\com\google\code\findbugs\jsr305\3.0.2\jsr305-3.0.2.jar;C:\Users\ameli\.m2\repository\net\sf\jopt-simple\jopt-simple\5.0.4\jopt-simple-5.0.4.jar;C:\Users\ameli\.m2\repository\com\google\guava\guava\32.0.1-jre\guava-32.0.1-jre.jar;C:\Users\ameli\.m2\repository\com\google\guava\failureaccess\1.0.1\failureaccess-1.0.1.jar;C:\Users\ameli\.m2\repository\com\google\guava\listenablefuture\9999.0-empty-to-avoid-conflict-with-guava\listenablefuture-9999.0-empty-to-avoid-conflict-with-guava.jar;C:\Users\ameli\.m2\repository\org\checkerframework\checker-qual\3.33.0\checker-qual-3.33.0.jar;C:\Users\ameli\.m2\repository\com\google\errorprone\error_prone_annotations\2.18.0\error_prone_annotations-2.18.0.jar;C:\Users\ameli\.m2\repository\com\google\j2objc\j2objc-annotations\2.8\j2objc-annotations-2.8.jar;"/>
    <property name="java.vm.vendor" value="Oracle Corporation"/>
    <property name="sun.arch.data.model" value="64"/>
    <property name="user.variant" value=""/>
    <property name="java.vendor.url" value="https://java.oracle.com/"/>
    <property name="user.timezone" value="Asia/Jakarta"/>
    <property name="os.name" value="Windows 11"/>
    <property name="java.vm.specification.version" value="17"/>
    <property name="sun.java.launcher" value="SUN_STANDARD"/>
    <property name="user.country" value="ID"/>
    <property name="sun.boot.library.path" value="C:\Program Files\Java\jdk-17\bin"/>
    <property name="sun.java.command" value="C:\Users\ameli\AppData\Local\Temp\surefire8119275775158313030\surefirebooter16134397633231833116.jar C:\Users\ameli\AppData\Local\Temp\surefire8119275775158313030 2024-05-05T14-40-10_669-jvmRun1 surefire14103216305766963591tmp surefire_011137964395773485448tmp"/>
    <property name="jdk.debug" value="release"/>
    <property name="test" value="testapi.CreateTest"/>
    <property name="surefire.test.class.path" value="D:\Kuliah\Semester 6\PPL\Praktikum\Pertemuan 11\user-controller-api-automation-testing\target\test-classes;D:\Kuliah\Semester 6\PPL\Praktikum\Pertemuan 11\user-controller-api-automation-testing\target\classes;C:\Users\ameli\.m2\repository\org\junit\jupiter\junit-jupiter-api\5.8.2\junit-jupiter-api-5.8.2.jar;C:\Users\ameli\.m2\repository\org\opentest4j\opentest4j\1.2.0\opentest4j-1.2.0.jar;C:\Users\ameli\.m2\repository\org\junit\platform\junit-platform-commons\1.8.2\junit-platform-commons-1.8.2.jar;C:\Users\ameli\.m2\repository\org\apiguardian\apiguardian-api\1.1.2\apiguardian-api-1.1.2.jar;C:\Users\ameli\.m2\repository\org\junit\jupiter\junit-jupiter-engine\5.8.2\junit-jupiter-engine-5.8.2.jar;C:\Users\ameli\.m2\repository\org\junit\platform\junit-platform-engine\1.8.2\junit-platform-engine-1.8.2.jar;C:\Users\ameli\.m2\repository\io\rest-assured\rest-assured\5.4.0\rest-assured-5.4.0.jar;C:\Users\ameli\.m2\repository\org\apache\groovy\groovy\4.0.16\groovy-4.0.16.jar;C:\Users\ameli\.m2\repository\org\apache\groovy\groovy-xml\4.0.16\groovy-xml-4.0.16.jar;C:\Users\ameli\.m2\repository\org\apache\httpcomponents\httpclient\4.5.13\httpclient-4.5.13.jar;C:\Users\ameli\.m2\repository\org\apache\httpcomponents\httpcore\4.4.13\httpcore-4.4.13.jar;C:\Users\ameli\.m2\repository\commons-logging\commons-logging\1.2\commons-logging-1.2.jar;C:\Users\ameli\.m2\repository\commons-codec\commons-codec\1.11\commons-codec-1.11.jar;C:\Users\ameli\.m2\repository\org\apache\httpcomponents\httpmime\4.5.13\httpmime-4.5.13.jar;C:\Users\ameli\.m2\repository\org\hamcrest\hamcrest\2.2\hamcrest-2.2.jar;C:\Users\ameli\.m2\repository\org\ccil\cowan\tagsoup\tagsoup\1.2.1\tagsoup-1.2.1.jar;C:\Users\ameli\.m2\repository\io\rest-assured\xml-path\5.4.0\xml-path-5.4.0.jar;C:\Users\ameli\.m2\repository\org\apache\commons\commons-lang3\3.11\commons-lang3-3.11.jar;C:\Users\ameli\.m2\repository\io\rest-assured\json-path\5.4.0\json-path-5.4.0.jar;C:\Users\ameli\.m2\repository\org\apache\groovy\groovy-json\4.0.16\groovy-json-4.0.16.jar;C:\Users\ameli\.m2\repository\io\rest-assured\rest-assured-common\5.4.0\rest-assured-common-5.4.0.jar;C:\Users\ameli\.m2\repository\io\rest-assured\json-schema-validator\5.4.0\json-schema-validator-5.4.0.jar;C:\Users\ameli\.m2\repository\com\github\java-json-tools\json-schema-validator\2.2.14\json-schema-validator-2.2.14.jar;C:\Users\ameli\.m2\repository\com\github\java-json-tools\jackson-coreutils-equivalence\1.0\jackson-coreutils-equivalence-1.0.jar;C:\Users\ameli\.m2\repository\com\fasterxml\jackson\core\jackson-databind\2.11.0\jackson-databind-2.11.0.jar;C:\Users\ameli\.m2\repository\com\fasterxml\jackson\core\jackson-annotations\2.11.0\jackson-annotations-2.11.0.jar;C:\Users\ameli\.m2\repository\com\fasterxml\jackson\core\jackson-core\2.11.0\jackson-core-2.11.0.jar;C:\Users\ameli\.m2\repository\com\github\java-json-tools\jackson-coreutils\2.0\jackson-coreutils-2.0.jar;C:\Users\ameli\.m2\repository\com\github\java-json-tools\msg-simple\1.2\msg-simple-1.2.jar;C:\Users\ameli\.m2\repository\com\github\java-json-tools\btf\1.3\btf-1.3.jar;C:\Users\ameli\.m2\repository\com\github\java-json-tools\json-schema-core\1.2.14\json-schema-core-1.2.14.jar;C:\Users\ameli\.m2\repository\com\github\java-json-tools\uri-template\0.10\uri-template-0.10.jar;C:\Users\ameli\.m2\repository\org\mozilla\rhino\1.7.7.2\rhino-1.7.7.2.jar;C:\Users\ameli\.m2\repository\com\sun\mail\mailapi\1.6.2\mailapi-1.6.2.jar;C:\Users\ameli\.m2\repository\joda-time\joda-time\2.10.5\joda-time-2.10.5.jar;C:\Users\ameli\.m2\repository\com\googlecode\libphonenumber\libphonenumber\8.11.1\libphonenumber-8.11.1.jar;C:\Users\ameli\.m2\repository\com\google\code\findbugs\jsr305\3.0.2\jsr305-3.0.2.jar;C:\Users\ameli\.m2\repository\net\sf\jopt-simple\jopt-simple\5.0.4\jopt-simple-5.0.4.jar;C:\Users\ameli\.m2\repository\com\google\guava\guava\32.0.1-jre\guava-32.0.1-jre.jar;C:\Users\ameli\.m2\repository\com\google\guava\failureaccess\1.0.1\failureaccess-1.0.1.jar;C:\Users\ameli\.m2\repository\com\google\guava\listenablefuture\9999.0-empty-to-avoid-conflict-with-guava\listenablefuture-9999.0-empty-to-avoid-conflict-with-guava.jar;C:\Users\ameli\.m2\repository\org\checkerframework\checker-qual\3.33.0\checker-qual-3.33.0.jar;C:\Users\ameli\.m2\repository\com\google\errorprone\error_prone_annotations\2.18.0\error_prone_annotations-2.18.0.jar;C:\Users\ameli\.m2\repository\com\google\j2objc\j2objc-annotations\2.8\j2objc-annotations-2.8.jar;"/>
    <property name="sun.cpu.endian" value="little"/>
    <property name="user.home" value="C:\Users\ameli"/>
    <property name="user.language" value="en"/>
    <property name="java.specification.vendor" value="Oracle Corporation"/>
    <property name="java.version.date" value="2023-07-18"/>
    <property name="java.home" value="C:\Program Files\Java\jdk-17"/>
    <property name="file.separator" value="\"/>
    <property name="basedir" value="D:\Kuliah\Semester 6\PPL\Praktikum\Pertemuan 11\user-controller-api-automation-testing"/>
    <property name="java.vm.compressedOopsMode" value="Zero based"/>
    <property name="line.separator" value="&#10;"/>
    <property name="java.vm.specification.vendor" value="Oracle Corporation"/>
    <property name="java.specification.name" value="Java Platform API Specification"/>
    <property name="surefire.real.class.path" value="C:\Users\ameli\AppData\Local\Temp\surefire8119275775158313030\surefirebooter16134397633231833116.jar"/>
    <property name="user.script" value=""/>
    <property name="sun.management.compiler" value="HotSpot 64-Bit Tiered Compilers"/>
    <property name="java.runtime.version" value="17.0.8+9-LTS-211"/>
    <property name="user.name" value="ameli"/>
    <property name="path.separator" value=";"/>
    <property name="os.version" value="10.0"/>
    <property name="java.runtime.name" value="Java(TM) SE Runtime Environment"/>
    <property name="file.encoding" value="Cp1252"/>
    <property name="java.vm.name" value="Java HotSpot(TM) 64-Bit Server VM"/>
    <property name="localRepository" value="C:\Users\ameli\.m2\repository"/>
    <property name="java.vendor.url.bug" value="https://bugreport.java.com/bugreport/"/>
    <property name="java.io.tmpdir" value="C:\Users\ameli\AppData\Local\Temp\"/>
    <property name="java.version" value="17.0.8"/>
    <property name="user.dir" value="D:\Kuliah\Semester 6\PPL\Praktikum\Pertemuan 11\user-controller-api-automation-testing"/>
    <property name="os.arch" value="amd64"/>
    <property name="java.vm.specification.name" value="Java Virtual Machine Specification"/>
    <property name="sun.os.patch.level" value=""/>
    <property name="native.encoding" value="Cp1252"/>
    <property name="java.library.path" value="C:\Program Files\Java\jdk-17\bin;C:\Windows\Sun\Java\bin;C:\Windows\system32;C:\Windows;C:\Program Files\Java\jdk-17\bin;C:\MinGW\bin;C:\Program Files\Eclipse Adoptium\jdk-21.0.1.12-hotspot\bin;C:\Program Files (x86)\Common Files\Intel\Shared Libraries\redist\intel64\compiler;C:\Windows\system32;C:\Windows;C:\Windows\System32\Wbem;C:\Windows\System32\WindowsPowerShell\v1.0\;C:\Windows\System32\OpenSSH\;C:\xampp\php;C:\ProgramData\ComposerSetup\bin;C:\Program Files\Graphviz\bin;C:\Program Files\Git\cmd;C:\Program Files\Go\bin;C:\Program Files\nodejs\;C:\Program Files\Maven\apache-maven-3.9.4\bin;C:\Program Files\PuTTY\;C:\Program Files\Common Files\Oracle\Java\javapath;C:\Program Files (x86)\Common Files\Oracle\Java\javapath;C:\Program Files\Docker\Docker\resources\bin;C:\Program Files\gradle-8.7\bin;C:\Program Files\Java\jdk-17\bin;C:\Users\ameli\AppData\Local\Programs\Python\Python311\Scripts\;C:\Users\ameli\AppData\Local\Programs\Python\Python311\;C:\Users\ameli\AppData\Local\Microsoft\WindowsApps;C:\Users\ameli\AppData\Roaming\Composer\vendor\bin;C:\Users\ameli\AppData\Local\Programs\Microsoft VS Code\bin;C:\Users\ameli\go\bin;C:\Users\ameli\AppData\Roaming\npm;C:\Users\ameli\AppData\Local\Programs\MiKTeX\miktex\bin\x64\;C:\Program Files\gradle-8.7\bin;;."/>
    <property name="java.vm.info" value="mixed mode, sharing"/>
    <property name="java.vendor" value="Oracle Corporation"/>
    <property name="java.vm.version" value="17.0.8+9-LTS-211"/>
    <property name="sun.io.unicode.encoding" value="UnicodeLittle"/>
    <property name="java.class.version" value="61.0"/>
  </properties>
  <testcase name="testCreateValidAll" classname="testapi.CreateTest" time="2.671"/>
  <testcase name="testCreateFirstName50Char" classname="testapi.CreateTest" time="0.392">
    <failure message="Expected HTTP status code 200 &#10;{&#10;    &quot;id&quot;: (generated),&#10;    &quot;firstName&quot; : &quot;Christopher&quot;,&#10;    &quot;lastName&quot; : &quot;Fitzirewielliamshiretoningstonsmytheirtonhamshires&quot;,&#10;    &quot;email&quot;: &quot;crifitz@examples.com&quot;,&#10;    &quot;registerDate&quot; : (generated, now()),&#10;     &quot;updatedDate&quot; : (generated, now())&#10;}&#10;But was 400. Response Body: {&quot;error&quot;:&quot;BODY_NOT_VALID&quot;,&quot;data&quot;:{&quot;lastName&quot;:&quot;Path `lastName` (`Fitzirewielliamshiretoningstonsmytheirtonhamshires`) is longer than the maximum allowed length (30).&quot;}}" type="org.opentest4j.AssertionFailedError">org.opentest4j.AssertionFailedError: 
Expected HTTP status code 200 
{
    "id": (generated),
    "firstName" : "Christopher",
    "lastName" : "Fitzirewielliamshiretoningstonsmytheirtonhamshires",
    "email": "crifitz@examples.com",
    "registerDate" : (generated, now()),
     "updatedDate" : (generated, now())
}
But was 400. Response Body: {"error":"BODY_NOT_VALID","data":{"lastName":"Path `lastName` (`Fitzirewielliamshiretoningstonsmytheirtonhamshires`) is longer than the maximum allowed length (30)."}}
	at testapi.CreateTest.testCreateFirstName50Char(CreateTest.java:91)
</failure>
  </testcase>
  <testcase name="testCreateValidRequired" classname="testapi.CreateTest" time="0.365"/>
  <testcase name="testCreateWithNonExistAppID" classname="testapi.CreateTest" time="0.341"/>
  <testcase name="testCreateLocationStreetIs101Char" classname="testapi.CreateTest" time="0.367">
    <failure message="Expected HTTP status code 400&#10;{&#10;    &quot;error&quot;: &quot;BODY_NOT_VALID&quot;&#10;} &#10;But was 200. Response Body: {&quot;id&quot;:&quot;663737df906c3a58efc6d0b9&quot;,&quot;title&quot;:&quot;ms&quot;,&quot;firstName&quot;:&quot;Jiyeon&quot;,&quot;lastName&quot;:&quot;Kim&quot;,&quot;picture&quot;:&quot;https://example.com/jiyeonkim.jpg&quot;,&quot;gender&quot;:&quot;female&quot;,&quot;email&quot;:&quot;jiyeoniiiee.kim@examples.com&quot;,&quot;dateOfBirth&quot;:&quot;1990-06-12T00:00:00.000Z&quot;,&quot;phone&quot;:&quot;+82101234567&quot;,&quot;location&quot;:{&quot;street&quot;:&quot;123 Yeoksam-ro, Gangnam-gu, Gangnam-gu, Gangnam-gu, Gangnam-gu, 136 Gangnam-gu. 45 Yeoksam, Yeoksi-ro&quot;,&quot;city&quot;:&quot;Seoul&quot;,&quot;state&quot;:&quot;&quot;,&quot;country&quot;:&quot;South Korea&quot;,&quot;timezone&quot;:&quot;+09:00&quot;},&quot;registerDate&quot;:&quot;2024-05-05T07:40:15.970Z&quot;,&quot;updatedDate&quot;:&quot;2024-05-05T07:40:15.970Z&quot;}" type="org.opentest4j.AssertionFailedError">org.opentest4j.AssertionFailedError: 
Expected HTTP status code 400
{
    "error": "BODY_NOT_VALID"
} 
But was 200. Response Body: {"id":"663737df906c3a58efc6d0b9","title":"ms","firstName":"Jiyeon","lastName":"Kim","picture":"https://example.com/jiyeonkim.jpg","gender":"female","email":"jiyeoniiiee.kim@examples.com","dateOfBirth":"1990-06-12T00:00:00.000Z","phone":"+82101234567","location":{"street":"123 Yeoksam-ro, Gangnam-gu, Gangnam-gu, Gangnam-gu, Gangnam-gu, 136 Gangnam-gu. 45 Yeoksam, Yeoksi-ro","city":"Seoul","state":"","country":"South Korea","timezone":"+09:00"},"registerDate":"2024-05-05T07:40:15.970Z","updatedDate":"2024-05-05T07:40:15.970Z"}
	at testapi.CreateTest.testCreateLocationStreetIs101Char(CreateTest.java:208)
</failure>
  </testcase>
</testsuite>